2019-05-03T09:50:52+00:00 CRITICAL Maximum execution time of 30 seconds exceeded in C:\MAMP\htdocs\galumni\wp-includes\functions.php on line 3439

2019-05-03T15:35:44+00:00 CRITICAL Maximum execution time of 30 seconds exceeded in C:\MAMP\htdocs\galumni\wp-includes\Requests\Transport\cURL.php on line 441

2019-05-03T17:40:05+00:00 CRITICAL Maximum execution time of 30 seconds exceeded in C:\MAMP\htdocs\galumni\wp-content\plugins\elementor\modules\gutenberg\module.php on line 9

2019-05-03T17:40:05+00:00 CRITICAL Maximum execution time of 30 seconds exceeded in C:\MAMP\htdocs\galumni\wp-content\plugins\everest-forms\includes\class-evf-autoloader.php on line 53

2019-05-03T17:40:07+00:00 CRITICAL Maximum execution time of 30 seconds exceeded in C:\MAMP\htdocs\galumni\wp-includes\Requests\Transport\cURL.php on line 163

2019-05-03T17:40:07+00:00 CRITICAL Maximum execution time of 30 seconds exceeded in C:\MAMP\htdocs\galumni\wp-content\plugins\woocommerce\includes\api\class-wc-rest-exception.php on line 16

2019-05-03T17:40:15+00:00 CRITICAL Maximum execution time of 30 seconds exceeded in C:\MAMP\htdocs\galumni\wp-content\plugins\woocommerce\includes\api\class-wc-rest-orders-controller.php on line 19

2019-05-03T17:40:15+00:00 CRITICAL Maximum execution time of 30 seconds exceeded in C:\MAMP\htdocs\galumni\wp-content\plugins\woocommerce\includes\api\class-wc-rest-reports-controller.php on line 19

2019-05-03T19:40:16+00:00 CRITICAL Maximum execution time of 30 seconds exceeded in C:\MAMP\htdocs\galumni\wp-includes\wp-db.php on line 2007

2019-05-03T19:40:24+00:00 CRITICAL Maximum execution time of 30 seconds exceeded in C:\MAMP\htdocs\galumni\wp-includes\class-wp-theme.php on line 1143

2019-05-03T20:41:01+00:00 CRITICAL Maximum execution time of 30 seconds exceeded in C:\MAMP\htdocs\galumni\wp-admin\includes\ajax-actions.php on line 22

2019-05-03T20:41:01+00:00 CRITICAL Maximum execution time of 30 seconds exceeded in C:\MAMP\htdocs\galumni\wp-admin\includes\theme.php on line 21

2019-05-03T20:41:01+00:00 CRITICAL Maximum execution time of 30 seconds exceeded in C:\MAMP\htdocs\galumni\wp-admin\includes\ajax-actions.php on line 22

2019-05-03T20:41:01+00:00 CRITICAL Maximum execution time of 30 seconds exceeded in C:\MAMP\htdocs\galumni\wp-admin\includes\ajax-actions.php on line 22

2019-05-03T20:45:29+00:00 CRITICAL Maximum execution time of 30 seconds exceeded in C:\MAMP\htdocs\galumni\wp-includes\wp-db.php on line 2007

2019-05-03T20:58:43+00:00 CRITICAL Maximum execution time of 30 seconds exceeded in C:\MAMP\htdocs\galumni\wp-content\plugins\everest-forms\includes\admin\class-evf-admin-forms.php on line 14

2019-05-03T20:58:45+00:00 CRITICAL Maximum execution time of 30 seconds exceeded in C:\MAMP\htdocs\galumni\wp-content\plugins\woocommerce\includes\api\class-wc-rest-exception.php on line 16

2019-05-03T20:58:46+00:00 CRITICAL Maximum execution time of 30 seconds exceeded in C:\MAMP\htdocs\galumni\wp-content\plugins\woocommerce\includes\api\class-wc-rest-exception.php on line 16

2019-05-03T20:58:51+00:00 CRITICAL Maximum execution time of 30 seconds exceeded in C:\MAMP\htdocs\galumni\wp-content\plugins\woocommerce\includes\admin\marketplace-suggestions\class-wc-marketplace-suggestions.php on line 16

2019-05-03T20:58:57+00:00 CRITICAL Maximum execution time of 30 seconds exceeded in C:\MAMP\htdocs\galumni\wp-admin\includes\theme.php on line 21

